<?xml version="1.0" encoding="UTF-8"?>
<testng-results ignored="0" total="6" passed="6" failed="0" skipped="0">
  <reporter-output>
  </reporter-output>
  <suite started-at="2024-01-11T12:59:49 IST" name="Default suite" finished-at="2024-01-11T13:00:26 IST" duration-ms="36965">
    <groups>
    </groups>
    <test started-at="2024-01-11T12:59:49 IST" name="Default test" finished-at="2024-01-11T13:00:26 IST" duration-ms="36965">
      <class name="loginsetup.TestRunner">
        <test-method is-config="true" signature="setup()[pri:0, instance:loginsetup.TestRunner@7d0b7e3c]" started-at="2024-01-11T12:59:50 IST" name="setup" finished-at="2024-01-11T13:00:13 IST" duration-ms="23072" status="PASS">
          <reporter-output>
          </reporter-output>
        </test-method> <!-- setup -->
        <test-method signature="testLogin(java.lang.String,java.lang.String)[pri:0, instance:loginsetup.TestRunner@7d0b7e3c]" started-at="2024-01-11T13:00:17 IST" name="testLogin" data-provider="loginData" finished-at="2024-01-11T13:00:25 IST" duration-ms="8705" status="PASS">
          <params>
            <param index="0">
              <value>
                <![CDATA[facebook.personalacc@gmail.com]]>
              </value>
            </param>
            <param index="1">
              <value>
                <![CDATA[FB@Suha48]]>
              </value>
            </param>
          </params>
          <reporter-output>
          </reporter-output>
        </test-method> <!-- testLogin -->
        <test-method signature="testLogin(java.lang.String,java.lang.String)[pri:0, instance:loginsetup.TestRunner@7d0b7e3c]" started-at="2024-01-11T13:00:25 IST" name="testLogin" data-provider="loginData" finished-at="2024-01-11T13:00:25 IST" duration-ms="81" status="PASS">
          <params>
            <param index="0">
              <value>
                <![CDATA[facebook.personalacc@gmail.com]]>
              </value>
            </param>
            <param index="1">
              <value>
                <![CDATA[fb@Suha]]>
              </value>
            </param>
          </params>
          <reporter-output>
          </reporter-output>
        </test-method> <!-- testLogin -->
        <test-method signature="testLogin(java.lang.String,java.lang.String)[pri:0, instance:loginsetup.TestRunner@7d0b7e3c]" started-at="2024-01-11T13:00:25 IST" name="testLogin" data-provider="loginData" finished-at="2024-01-11T13:00:25 IST" duration-ms="103" status="PASS">
          <params>
            <param index="0">
              <value>
                <![CDATA[facebook@gmail.com]]>
              </value>
            </param>
            <param index="1">
              <value>
                <![CDATA[FB@Suha48]]>
              </value>
            </param>
          </params>
          <reporter-output>
          </reporter-output>
        </test-method> <!-- testLogin -->
        <test-method signature="testLogin(java.lang.String,java.lang.String)[pri:0, instance:loginsetup.TestRunner@7d0b7e3c]" started-at="2024-01-11T13:00:25 IST" name="testLogin" data-provider="loginData" finished-at="2024-01-11T13:00:26 IST" duration-ms="43" status="PASS">
          <params>
            <param index="0">
              <value>
                <![CDATA[facebook@gmail.com]]>
              </value>
            </param>
            <param index="1">
              <value>
                <![CDATA[fb@Suha]]>
              </value>
            </param>
          </params>
          <reporter-output>
          </reporter-output>
        </test-method> <!-- testLogin -->
        <test-method signature="testLogin(java.lang.String,java.lang.String)[pri:0, instance:loginsetup.TestRunner@7d0b7e3c]" started-at="2024-01-11T13:00:26 IST" name="testLogin" data-provider="loginData" finished-at="2024-01-11T13:00:26 IST" duration-ms="53" status="PASS">
          <params>
            <param index="0">
              <value>
                <![CDATA[]]>
              </value>
            </param>
            <param index="1">
              <value>
                <![CDATA[]]>
              </value>
            </param>
          </params>
          <reporter-output>
          </reporter-output>
        </test-method> <!-- testLogin -->
        <test-method signature="testLogin(java.lang.String,java.lang.String)[pri:0, instance:loginsetup.TestRunner@7d0b7e3c]" started-at="2024-01-11T13:00:26 IST" name="testLogin" data-provider="loginData" finished-at="2024-01-11T13:00:26 IST" duration-ms="199" status="PASS">
          <params>
            <param index="0">
              <value>
                <![CDATA[]]>
              </value>
            </param>
            <param index="1">
              <value>
                <![CDATA[]]>
              </value>
            </param>
          </params>
          <reporter-output>
          </reporter-output>
        </test-method> <!-- testLogin -->
        <test-method is-config="true" signature="tearDown()[pri:0, instance:loginsetup.TestRunner@7d0b7e3c]" started-at="2024-01-11T13:00:26 IST" name="tearDown" finished-at="2024-01-11T13:00:26 IST" duration-ms="497" status="FAIL">
          <exception class="java.lang.NoSuchFieldError">
            <message>
              <![CDATA[Factory]]>
            </message>
            <full-stacktrace>
              <![CDATA[java.lang.NoSuchFieldError: Factory
at org.apache.poi.xssf.usermodel.XSSFWorkbook.onWorkbookCreate(XSSFWorkbook.java:506)
at org.apache.poi.xssf.usermodel.XSSFWorkbook.<init>(XSSFWorkbook.java:233)
at org.apache.poi.xssf.usermodel.XSSFWorkbook.<init>(XSSFWorkbook.java:227)
at org.apache.poi.xssf.usermodel.XSSFWorkbook.<init>(XSSFWorkbook.java:215)
at loginsetup.TestRunner.writeFailedLoginAttemptsToExcel(TestRunner.java:136)
at loginsetup.TestRunner.tearDown(TestRunner.java:129)
at java.base/jdk.internal.reflect.NativeMethodAccessorImpl.invoke0(Native Method)
at java.base/jdk.internal.reflect.NativeMethodAccessorImpl.invoke(NativeMethodAccessorImpl.java:77)
at java.base/jdk.internal.reflect.DelegatingMethodAccessorImpl.invoke(DelegatingMethodAccessorImpl.java:43)
at java.base/java.lang.reflect.Method.invoke(Method.java:568)
at org.testng.internal.invokers.MethodInvocationHelper.invokeMethod(MethodInvocationHelper.java:139)
at org.testng.internal.invokers.MethodInvocationHelper.invokeMethodConsideringTimeout(MethodInvocationHelper.java:69)
at org.testng.internal.invokers.ConfigInvoker.invokeConfigurationMethod(ConfigInvoker.java:393)
at org.testng.internal.invokers.ConfigInvoker.invokeConfigurations(ConfigInvoker.java:326)
at org.testng.internal.invokers.TestMethodWorker.invokeAfterClassConfigurations(TestMethodWorker.java:229)
at org.testng.internal.invokers.TestMethodWorker.invokeAfterClassMethods(TestMethodWorker.java:215)
at org.testng.internal.invokers.TestMethodWorker.run(TestMethodWorker.java:131)
at java.base/java.util.ArrayList.forEach(ArrayList.java:1511)
at org.testng.TestRunner.privateRun(TestRunner.java:819)
at org.testng.TestRunner.run(TestRunner.java:619)
at org.testng.SuiteRunner.runTest(SuiteRunner.java:443)
at org.testng.SuiteRunner.runSequentially(SuiteRunner.java:437)
at org.testng.SuiteRunner.privateRun(SuiteRunner.java:397)
at org.testng.SuiteRunner.run(SuiteRunner.java:336)
at org.testng.SuiteRunnerWorker.runSuite(SuiteRunnerWorker.java:52)
at org.testng.SuiteRunnerWorker.run(SuiteRunnerWorker.java:95)
at org.testng.TestNG.runSuitesSequentially(TestNG.java:1301)
at org.testng.TestNG.runSuitesLocally(TestNG.java:1228)
at org.testng.TestNG.runSuites(TestNG.java:1134)
at org.testng.TestNG.run(TestNG.java:1101)
at org.testng.remote.AbstractRemoteTestNG.run(AbstractRemoteTestNG.java:115)
at org.testng.remote.RemoteTestNG.initAndRun(RemoteTestNG.java:251)
at org.testng.remote.RemoteTestNG.main(RemoteTestNG.java:77)
]]>
            </full-stacktrace>
          </exception> <!-- java.lang.NoSuchFieldError -->
          <reporter-output>
          </reporter-output>
        </test-method> <!-- tearDown -->
      </class> <!-- loginsetup.TestRunner -->
    </test> <!-- Default test -->
  </suite> <!-- Default suite -->
</testng-results>
