<?xml version="1.0" encoding="UTF-8"?>
<!-- Generated by org.testng.reporters.JUnitXMLReporter -->
<testsuite ignored="0" hostname="DESKTOP-KA50CNO" failures="1" tests="1" name="Test1" time="26.655" errors="0" timestamp="2024-01-09T15:57:41 IST">
  <testcase classname="loginsetup.TestRunner" name="testLogin" time="0.031">
    <failure type="java.lang.NullPointerException" message="Cannot invoke &amp;quot;LoginSetup.LoginFunctionality.enterUsername(String)&amp;quot; because &amp;quot;this.loginPage&amp;quot; is null">
      <![CDATA[java.lang.NullPointerException: Cannot invoke "LoginSetup.LoginFunctionality.enterUsername(String)" because "this.loginPage" is null
at loginsetup.TestRunner.testLogin(TestRunner.java:31)
at java.base/java.util.ArrayList.forEach(ArrayList.java:1511)
... Removed 27 stack frames]]>
    </failure>
  </testcase> <!-- testLogin -->
</testsuite> <!-- Test1 -->
